<?xml version="1.0" encoding="UTF-8"?>
<!-- Generated by org.testng.reporters.JUnitXMLReporter -->
<testsuite ignored="0" hostname="LAPTOP-KAJ214MO" failures="0" tests="0" name="VValidate login information is asked when buying amazon kindle" time="0.216" errors="0" timestamp="12 Jun 2021 01:25:18 GMT">
  <testcase classname="io.cucumber.testng.AbstractTestNGCucumberTests" name="@BeforeClass setUpClass" time="0.177">
    <failure type="java.lang.IllegalArgumentException" message="path must exist: C:\MassMutual-main\features\exercise1.feature">
      <![CDATA[java.lang.IllegalArgumentException: path must exist: C:\MassMutual-main\features\exercise1.featureat io.cucumber.core.resource.PathScanner.findResourcesForPath(PathScanner.java:44)at io.cucumber.core.resource.PathScanner.findResourcesForUri(PathScanner.java:28)at io.cucumber.core.resource.ResourceScanner.findResourcesForUri(ResourceScanner.java:61)at io.cucumber.core.resource.ResourceScanner.scanForResourcesUri(ResourceScanner.java:134)at io.cucumber.core.runtime.FeaturePathFeatureSupplier.loadFeatures(FeaturePathFeatureSupplier.java:62)at io.cucumber.core.runtime.FeaturePathFeatureSupplier.get(FeaturePathFeatureSupplier.java:45)at io.cucumber.testng.TestNGCucumberRunner.<init>(TestNGCucumberRunner.java:107)at io.cucumber.testng.AbstractTestNGCucumberTests.setUpClass(AbstractTestNGCucumberTests.java:23)... Removed 26 stack frames]]>
    </failure>
  </testcase> <!-- @BeforeClass setUpClass -->
</testsuite> <!-- VValidate login information is asked when buying amazon kindle -->
